# JRE version: OpenJDK Runtime Environment (21.0.8) (build 21.0.8+-14196175-b1038.72)
# Java VM: OpenJDK 64-Bit Server VM (21.0.8+-14196175-b1038.72, mixed mode, tiered, compressed oops, compressed class ptrs, g1 gc, windows-amd64)
GC Precious Log:
 CardTable entry size: 512
 Card Set container configuration: InlinePtr #cards 5 size 8 Array Of Cards #cards 12 size 40 Howl #buckets 4 coarsen threshold 1843 Howl Bitmap #cards 512 size 80 coarsen threshold 460 Card regions per heap region 1 cards per card region 2048
 CPUs: 12 total, 12 available
 Memory: 16170M
 Large Page Support: Disabled
 NUMA Support: Disabled
 Compressed Oops: Enabled (32-bit)
 Heap Region Size: 1M
 Heap Min Capacity: 8M
 Heap Initial Capacity: 254M
 Heap Max Capacity: 2G
 Pre-touch: Disabled
 Parallel Workers: 10
 Concurrent Workers: 3
 Concurrent Refinement Workers: 10
 Periodic GC: Disabled
Heap:
 garbage-first heap   total 204800K, used 129838K [0x0000000080000000, 0x0000000100000000)
  region size 1024K, 4 young (4096K), 4 survivors (4096K)
 Metaspace       used 122686K, committed 124800K, reserved 1179648K
  class space    used 16858K, committed 17920K, reserved 1048576K
GC Heap History (20 events):
Event: 11.824 GC heap after
{Heap after GC invocations=25 (full 0):
 garbage-first heap   total 131072K, used 64732K [0x0000000080000000, 0x0000000100000000)
  region size 1024K, 7 young (7168K), 7 survivors (7168K)
 Metaspace       used 83838K, committed 85568K, reserved 1179648K
  class space    used 12109K, committed 12928K, reserved 1048576K
}
Event: 12.399 GC heap before
{Heap before GC invocations=25 (full 0):
 garbage-first heap   total 131072K, used 115932K [0x0000000080000000, 0x0000000100000000)
  region size 1024K, 57 young (58368K), 7 survivors (7168K)
 Metaspace       used 92093K, committed 93824K, reserved 1179648K
  class space    used 13142K, committed 13952K, reserved 1048576K
}
Event: 12.403 GC heap after
{Heap after GC invocations=26 (full 0):
 garbage-first heap   total 131072K, used 64864K [0x0000000080000000, 0x0000000100000000)
  region size 1024K, 3 young (3072K), 3 survivors (3072K)
 Metaspace       used 92093K, committed 93824K, reserved 1179648K
  class space    used 13142K, committed 13952K, reserved 1048576K
}
Event: 12.735 GC heap before
{Heap before GC invocations=26 (full 0):
 garbage-first heap   total 131072K, used 95584K [0x0000000080000000, 0x0000000100000000)
  region size 1024K, 34 young (34816K), 3 survivors (3072K)
 Metaspace       used 96278K, committed 98112K, reserved 1179648K
  class space    used 13695K, committed 14592K, reserved 1048576K
}
Event: 12.738 GC heap after
{Heap after GC invocations=27 (full 0):
 garbage-first heap   total 131072K, used 65754K [0x0000000080000000, 0x0000000100000000)
  region size 1024K, 3 young (3072K), 3 survivors (3072K)
 Metaspace       used 96278K, committed 98112K, reserved 1179648K
  class space    used 13695K, committed 14592K, reserved 1048576K
}
Event: 13.062 GC heap before
{Heap before GC invocations=28 (full 0):
 garbage-first heap   total 133120K, used 131290K [0x0000000080000000, 0x0000000100000000)
  region size 1024K, 55 young (56320K), 3 survivors (3072K)
 Metaspace       used 96683K, committed 98560K, reserved 1179648K
  class space    used 13708K, committed 14592K, reserved 1048576K
}
Event: 13.077 GC heap after
{Heap after GC invocations=29 (full 0):
 garbage-first heap   total 151552K, used 85637K [0x0000000080000000, 0x0000000100000000)
  region size 1024K, 7 young (7168K), 7 survivors (7168K)
 Metaspace       used 96683K, committed 98560K, reserved 1179648K
  class space    used 13708K, committed 14592K, reserved 1048576K
}
Event: 13.280 GC heap before
{Heap before GC invocations=29 (full 0):
 garbage-first heap   total 151552K, used 134789K [0x0000000080000000, 0x0000000100000000)
  region size 1024K, 50 young (51200K), 7 survivors (7168K)
 Metaspace       used 96684K, committed 98560K, reserved 1179648K
  class space    used 13708K, committed 14592K, reserved 1048576K
}
Event: 13.293 GC heap after
{Heap after GC invocations=30 (full 0):
 garbage-first heap   total 157696K, used 95788K [0x0000000080000000, 0x0000000100000000)
  region size 1024K, 7 young (7168K), 7 survivors (7168K)
 Metaspace       used 96684K, committed 98560K, reserved 1179648K
  class space    used 13708K, committed 14592K, reserved 1048576K
}
Event: 13.636 GC heap before
{Heap before GC invocations=30 (full 0):
 garbage-first heap   total 157696K, used 130604K [0x0000000080000000, 0x0000000100000000)
  region size 1024K, 42 young (43008K), 7 survivors (7168K)
 Metaspace       used 100643K, committed 102464K, reserved 1179648K
  class space    used 14201K, committed 15104K, reserved 1048576K
}
Event: 13.642 GC heap after
{Heap after GC invocations=31 (full 0):
 garbage-first heap   total 157696K, used 99432K [0x0000000080000000, 0x0000000100000000)
  region size 1024K, 3 young (3072K), 3 survivors (3072K)
 Metaspace       used 100643K, committed 102464K, reserved 1179648K
  class space    used 14201K, committed 15104K, reserved 1048576K
}
Event: 14.074 GC heap before
{Heap before GC invocations=32 (full 0):
 garbage-first heap   total 181248K, used 151656K [0x0000000080000000, 0x0000000100000000)
  region size 1024K, 40 young (40960K), 3 survivors (3072K)
 Metaspace       used 103856K, committed 105664K, reserved 1179648K
  class space    used 14532K, committed 15424K, reserved 1048576K
}
Event: 14.077 GC heap after
{Heap after GC invocations=33 (full 0):
 garbage-first heap   total 181248K, used 118745K [0x0000000080000000, 0x0000000100000000)
  region size 1024K, 5 young (5120K), 5 survivors (5120K)
 Metaspace       used 103856K, committed 105664K, reserved 1179648K
  class space    used 14532K, committed 15424K, reserved 1048576K
}
Event: 14.444 GC heap before
{Heap before GC invocations=33 (full 0):
 garbage-first heap   total 181248K, used 160729K [0x0000000080000000, 0x0000000100000000)
  region size 1024K, 46 young (47104K), 5 survivors (5120K)
 Metaspace       used 109086K, committed 111232K, reserved 1179648K
  class space    used 15136K, committed 16192K, reserved 1048576K
}
Event: 14.450 GC heap after
{Heap after GC invocations=34 (full 0):
 garbage-first heap   total 181248K, used 119968K [0x0000000080000000, 0x0000000100000000)
  region size 1024K, 3 young (3072K), 3 survivors (3072K)
 Metaspace       used 109086K, committed 111232K, reserved 1179648K
  class space    used 15136K, committed 16192K, reserved 1048576K
}
Event: 15.196 GC heap before
{Heap before GC invocations=34 (full 0):
 garbage-first heap   total 181248K, used 161952K [0x0000000080000000, 0x0000000100000000)
  region size 1024K, 44 young (45056K), 3 survivors (3072K)
 Metaspace       used 114907K, committed 117056K, reserved 1179648K
  class space    used 15850K, committed 16896K, reserved 1048576K
}
Event: 15.201 GC heap after
{Heap after GC invocations=35 (full 0):
 garbage-first heap   total 181248K, used 122046K [0x0000000080000000, 0x0000000100000000)
  region size 1024K, 5 young (5120K), 5 survivors (5120K)
 Metaspace       used 114907K, committed 117056K, reserved 1179648K
  class space    used 15850K, committed 16896K, reserved 1048576K
}
Event: 15.634 GC heap before
{Heap before GC invocations=36 (full 0):
 garbage-first heap   total 204800K, used 166078K [0x0000000080000000, 0x0000000100000000)
  region size 1024K, 47 young (48128K), 5 survivors (5120K)
 Metaspace       used 118856K, committed 121024K, reserved 1179648K
  class space    used 16385K, committed 17472K, reserved 1048576K
}
Event: 15.641 GC heap after
{Heap after GC invocations=37 (full 0):
 garbage-first heap   total 204800K, used 127977K [0x0000000080000000, 0x0000000100000000)
  region size 1024K, 6 young (6144K), 6 survivors (6144K)
 Metaspace       used 118856K, committed 121024K, reserved 1179648K
  class space    used 16385K, committed 17472K, reserved 1048576K
}
Event: 16.168 GC heap before
{Heap before GC invocations=37 (full 0):
 garbage-first heap   total 204800K, used 184297K [0x0000000080000000, 0x0000000100000000)
  region size 1024K, 61 young (62464K), 6 survivors (6144K)
 Metaspace       used 122686K, committed 124800K, reserved 1179648K
  class space    used 16858K, committed 17920K, reserved 1048576K
}

